exit
create log something big is coming twoards the town
create log treants take heavy fire damage
create log tar dies in inferno attack
battle b next
roll 1d20
battle b damage tar 14
roll 3d6
roll 1d20
battle b damage 463 11
roll 1d20
battle b damage 748 11
roll 1d20
battle b damage tar 15
roll 3d6
roll 1d20
battle b damage 431 5
roll 1d20
battle b damage 431 8
battle b damage 431 10
battle b heal bre 23
battle b log tar heals bre
battle b next
battle b damage tar 14
roll 3d6
roll 1d20
battle b damage 463 10
roll 1d20
battle b damage bre 15
roll 3d6