get log
create log group knows that murder victim is in Saint Bees storage unit
create log group not on friendly terms with the "king"
create log group burns down tavern
get status
set status --time 15:00
get status
set status --time 15.00
roll 1d4
get status
set status --time 10:00
get status
set status --time 10:00
get pc
create pc --name mei
c
create pc --name bre
get pc
getpc
get pd
get battle
battle b roll r g g
battle b roll 1 1 1
open battle b
get battle b
battle b add pc tar
battle b add pc rey
battle b add pc colt
get pc
c